0 info it worked if it ends with ok
1 verbose cli [ '/Users/ryan/.nvm/versions/node/v6.11.0/bin/node',
1 verbose cli   '/Users/ryan/.nvm/versions/node/v6.11.0/bin/npm',
1 verbose cli   'run',
1 verbose cli   'deploy' ]
2 info using npm@3.10.10
3 info using node@v6.11.0
4 verbose run-script [ 'predeploy', 'deploy', 'postdeploy' ]
5 info lifecycle gatsby-starter-blog@1.0.0~predeploy: gatsby-starter-blog@1.0.0
6 silly lifecycle gatsby-starter-blog@1.0.0~predeploy: no script for predeploy, continuing
7 info lifecycle gatsby-starter-blog@1.0.0~deploy: gatsby-starter-blog@1.0.0
8 verbose lifecycle gatsby-starter-blog@1.0.0~deploy: unsafe-perm in lifecycle true
9 verbose lifecycle gatsby-starter-blog@1.0.0~deploy: PATH: /Users/ryan/.nvm/versions/node/v6.11.0/lib/node_modules/npm/bin/node-gyp-bin:/Users/ryan/Code/blog-setup/node_modules/.bin:/Users/ryan/.jenv/shims:/Users/ryan/.nvm/versions/node/v6.11.0/bin:/Users/ryan/Library/Python/2.7/bin/:/usr/local/bin:/Users/ryan/.rbenv/shims:/Library/Frameworks/Python.framework/Versions/3.6/bin:/usr/local/bin:/usr/bin:/bin:/usr/sbin:/sbin:/usr/local/go/bin
10 verbose lifecycle gatsby-starter-blog@1.0.0~deploy: CWD: /Users/ryan/Code/blog-setup
11 silly lifecycle gatsby-starter-blog@1.0.0~deploy: Args: [ '-c', 'gatsby build --prefix-paths && gh-pages -d public' ]
12 silly lifecycle gatsby-starter-blog@1.0.0~deploy: Returned: code: 1  signal: null
13 info lifecycle gatsby-starter-blog@1.0.0~deploy: Failed to exec deploy script
14 verbose stack Error: gatsby-starter-blog@1.0.0 deploy: `gatsby build --prefix-paths && gh-pages -d public`
14 verbose stack Exit status 1
14 verbose stack     at EventEmitter.<anonymous> (/Users/ryan/.nvm/versions/node/v6.11.0/lib/node_modules/npm/lib/utils/lifecycle.js:255:16)
14 verbose stack     at emitTwo (events.js:106:13)
14 verbose stack     at EventEmitter.emit (events.js:191:7)
14 verbose stack     at ChildProcess.<anonymous> (/Users/ryan/.nvm/versions/node/v6.11.0/lib/node_modules/npm/lib/utils/spawn.js:40:14)
14 verbose stack     at emitTwo (events.js:106:13)
14 verbose stack     at ChildProcess.emit (events.js:191:7)
14 verbose stack     at maybeClose (internal/child_process.js:891:16)
14 verbose stack     at Process.ChildProcess._handle.onexit (internal/child_process.js:226:5)
15 verbose pkgid gatsby-starter-blog@1.0.0
16 verbose cwd /Users/ryan/Code/blog-setup
17 error Darwin 18.0.0
18 error argv "/Users/ryan/.nvm/versions/node/v6.11.0/bin/node" "/Users/ryan/.nvm/versions/node/v6.11.0/bin/npm" "run" "deploy"
19 error node v6.11.0
20 error npm  v3.10.10
21 error code ELIFECYCLE
22 error gatsby-starter-blog@1.0.0 deploy: `gatsby build --prefix-paths && gh-pages -d public`
22 error Exit status 1
23 error Failed at the gatsby-starter-blog@1.0.0 deploy script 'gatsby build --prefix-paths && gh-pages -d public'.
23 error Make sure you have the latest version of node.js and npm installed.
23 error If you do, this is most likely a problem with the gatsby-starter-blog package,
23 error not with npm itself.
23 error Tell the author that this fails on your system:
23 error     gatsby build --prefix-paths && gh-pages -d public
23 error You can get information on how to open an issue for this project with:
23 error     npm bugs gatsby-starter-blog
23 error Or if that isn't available, you can get their info via:
23 error     npm owner ls gatsby-starter-blog
23 error There is likely additional logging output above.
24 verbose exit [ 1, true ]
